<?xml version="1.0" encoding="UTF-8"?>
<testsuite xmlns:xsi="http://www.w3.org/2001/XMLSchema-instance" xsi:noNamespaceSchemaLocation="https://maven.apache.org/surefire/maven-surefire-plugin/xsd/surefire-test-report.xsd" name="com.ruey.MovieServiceApplicationTests" time="0.639" tests="1" errors="1" skipped="0" failures="0">
  <properties>
    <property name="sun.desktop" value="windows"/>
    <property name="awt.toolkit" value="sun.awt.windows.WToolkit"/>
    <property name="file.encoding.pkg" value="sun.io"/>
    <property name="java.specification.version" value="1.8"/>
    <property name="sun.cpu.isalist" value="amd64"/>
    <property name="sun.jnu.encoding" value="Cp1252"/>
    <property name="java.class.path" value="C:\pikadadlu\workspace\azure_rueytpe\movie-service\target\test-classes;C:\pikadadlu\workspace\azure_rueytpe\movie-service\target\classes;C:\Users\PikadadLu\.m2\repository\org\springframework\boot\spring-boot-starter\2.1.15.RELEASE\spring-boot-starter-2.1.15.RELEASE.jar;C:\Users\PikadadLu\.m2\repository\org\springframework\boot\spring-boot\2.1.15.RELEASE\spring-boot-2.1.15.RELEASE.jar;C:\Users\PikadadLu\.m2\repository\org\springframework\spring-context\5.1.16.RELEASE\spring-context-5.1.16.RELEASE.jar;C:\Users\PikadadLu\.m2\repository\org\springframework\boot\spring-boot-autoconfigure\2.1.15.RELEASE\spring-boot-autoconfigure-2.1.15.RELEASE.jar;C:\Users\PikadadLu\.m2\repository\org\springframework\boot\spring-boot-starter-logging\2.1.15.RELEASE\spring-boot-starter-logging-2.1.15.RELEASE.jar;C:\Users\PikadadLu\.m2\repository\ch\qos\logback\logback-classic\1.2.3\logback-classic-1.2.3.jar;C:\Users\PikadadLu\.m2\repository\ch\qos\logback\logback-core\1.2.3\logback-core-1.2.3.jar;C:\Users\PikadadLu\.m2\repository\org\apache\logging\log4j\log4j-to-slf4j\2.11.2\log4j-to-slf4j-2.11.2.jar;C:\Users\PikadadLu\.m2\repository\org\apache\logging\log4j\log4j-api\2.11.2\log4j-api-2.11.2.jar;C:\Users\PikadadLu\.m2\repository\org\slf4j\jul-to-slf4j\1.7.30\jul-to-slf4j-1.7.30.jar;C:\Users\PikadadLu\.m2\repository\javax\annotation\javax.annotation-api\1.3.2\javax.annotation-api-1.3.2.jar;C:\Users\PikadadLu\.m2\repository\org\springframework\spring-core\5.1.16.RELEASE\spring-core-5.1.16.RELEASE.jar;C:\Users\PikadadLu\.m2\repository\org\springframework\spring-jcl\5.1.16.RELEASE\spring-jcl-5.1.16.RELEASE.jar;C:\Users\PikadadLu\.m2\repository\org\yaml\snakeyaml\1.23\snakeyaml-1.23.jar;C:\Users\PikadadLu\.m2\repository\org\springframework\boot\spring-boot-starter-test\2.1.15.RELEASE\spring-boot-starter-test-2.1.15.RELEASE.jar;C:\Users\PikadadLu\.m2\repository\org\springframework\boot\spring-boot-test\2.1.15.RELEASE\spring-boot-test-2.1.15.RELEASE.jar;C:\Users\PikadadLu\.m2\repository\org\springframework\boot\spring-boot-test-autoconfigure\2.1.15.RELEASE\spring-boot-test-autoconfigure-2.1.15.RELEASE.jar;C:\Users\PikadadLu\.m2\repository\com\jayway\jsonpath\json-path\2.4.0\json-path-2.4.0.jar;C:\Users\PikadadLu\.m2\repository\net\minidev\json-smart\2.3\json-smart-2.3.jar;C:\Users\PikadadLu\.m2\repository\net\minidev\accessors-smart\1.2\accessors-smart-1.2.jar;C:\Users\PikadadLu\.m2\repository\org\ow2\asm\asm\5.0.4\asm-5.0.4.jar;C:\Users\PikadadLu\.m2\repository\junit\junit\4.12\junit-4.12.jar;C:\Users\PikadadLu\.m2\repository\org\assertj\assertj-core\3.11.1\assertj-core-3.11.1.jar;C:\Users\PikadadLu\.m2\repository\org\mockito\mockito-core\2.23.4\mockito-core-2.23.4.jar;C:\Users\PikadadLu\.m2\repository\net\bytebuddy\byte-buddy\1.9.16\byte-buddy-1.9.16.jar;C:\Users\PikadadLu\.m2\repository\net\bytebuddy\byte-buddy-agent\1.9.16\byte-buddy-agent-1.9.16.jar;C:\Users\PikadadLu\.m2\repository\org\objenesis\objenesis\2.6\objenesis-2.6.jar;C:\Users\PikadadLu\.m2\repository\org\hamcrest\hamcrest-core\1.3\hamcrest-core-1.3.jar;C:\Users\PikadadLu\.m2\repository\org\hamcrest\hamcrest-library\1.3\hamcrest-library-1.3.jar;C:\Users\PikadadLu\.m2\repository\org\skyscreamer\jsonassert\1.5.0\jsonassert-1.5.0.jar;C:\Users\PikadadLu\.m2\repository\com\vaadin\external\google\android-json\0.0.20131108.vaadin1\android-json-0.0.20131108.vaadin1.jar;C:\Users\PikadadLu\.m2\repository\org\springframework\spring-test\5.1.16.RELEASE\spring-test-5.1.16.RELEASE.jar;C:\Users\PikadadLu\.m2\repository\org\xmlunit\xmlunit-core\2.6.4\xmlunit-core-2.6.4.jar;C:\Users\PikadadLu\.m2\repository\org\springframework\boot\spring-boot-starter-web\2.1.15.RELEASE\spring-boot-starter-web-2.1.15.RELEASE.jar;C:\Users\PikadadLu\.m2\repository\org\springframework\boot\spring-boot-starter-json\2.1.15.RELEASE\spring-boot-starter-json-2.1.15.RELEASE.jar;C:\Users\PikadadLu\.m2\repository\com\fasterxml\jackson\core\jackson-databind\2.9.10.4\jackson-databind-2.9.10.4.jar;C:\Users\PikadadLu\.m2\repository\com\fasterxml\jackson\core\jackson-core\2.9.10\jackson-core-2.9.10.jar;C:\Users\PikadadLu\.m2\repository\com\fasterxml\jackson\datatype\jackson-datatype-jdk8\2.9.10\jackson-datatype-jdk8-2.9.10.jar;C:\Users\PikadadLu\.m2\repository\com\fasterxml\jackson\datatype\jackson-datatype-jsr310\2.9.10\jackson-datatype-jsr310-2.9.10.jar;C:\Users\PikadadLu\.m2\repository\com\fasterxml\jackson\module\jackson-module-parameter-names\2.9.10\jackson-module-parameter-names-2.9.10.jar;C:\Users\PikadadLu\.m2\repository\org\springframework\boot\spring-boot-starter-tomcat\2.1.15.RELEASE\spring-boot-starter-tomcat-2.1.15.RELEASE.jar;C:\Users\PikadadLu\.m2\repository\org\apache\tomcat\embed\tomcat-embed-core\9.0.36\tomcat-embed-core-9.0.36.jar;C:\Users\PikadadLu\.m2\repository\org\apache\tomcat\embed\tomcat-embed-el\9.0.36\tomcat-embed-el-9.0.36.jar;C:\Users\PikadadLu\.m2\repository\org\apache\tomcat\embed\tomcat-embed-websocket\9.0.36\tomcat-embed-websocket-9.0.36.jar;C:\Users\PikadadLu\.m2\repository\org\hibernate\validator\hibernate-validator\6.0.20.Final\hibernate-validator-6.0.20.Final.jar;C:\Users\PikadadLu\.m2\repository\javax\validation\validation-api\2.0.1.Final\validation-api-2.0.1.Final.jar;C:\Users\PikadadLu\.m2\repository\org\jboss\logging\jboss-logging\3.3.3.Final\jboss-logging-3.3.3.Final.jar;C:\Users\PikadadLu\.m2\repository\org\springframework\spring-web\5.1.16.RELEASE\spring-web-5.1.16.RELEASE.jar;C:\Users\PikadadLu\.m2\repository\org\springframework\spring-beans\5.1.16.RELEASE\spring-beans-5.1.16.RELEASE.jar;C:\Users\PikadadLu\.m2\repository\org\springframework\spring-webmvc\5.1.16.RELEASE\spring-webmvc-5.1.16.RELEASE.jar;C:\Users\PikadadLu\.m2\repository\org\springframework\spring-aop\5.1.16.RELEASE\spring-aop-5.1.16.RELEASE.jar;C:\Users\PikadadLu\.m2\repository\org\springframework\spring-expression\5.1.16.RELEASE\spring-expression-5.1.16.RELEASE.jar;C:\Users\PikadadLu\.m2\repository\io\springfox\springfox-swagger2\2.9.2\springfox-swagger2-2.9.2.jar;C:\Users\PikadadLu\.m2\repository\io\swagger\swagger-annotations\1.5.20\swagger-annotations-1.5.20.jar;C:\Users\PikadadLu\.m2\repository\io\swagger\swagger-models\1.5.20\swagger-models-1.5.20.jar;C:\Users\PikadadLu\.m2\repository\com\fasterxml\jackson\core\jackson-annotations\2.9.10\jackson-annotations-2.9.10.jar;C:\Users\PikadadLu\.m2\repository\io\springfox\springfox-spi\2.9.2\springfox-spi-2.9.2.jar;C:\Users\PikadadLu\.m2\repository\io\springfox\springfox-core\2.9.2\springfox-core-2.9.2.jar;C:\Users\PikadadLu\.m2\repository\io\springfox\springfox-schema\2.9.2\springfox-schema-2.9.2.jar;C:\Users\PikadadLu\.m2\repository\io\springfox\springfox-swagger-common\2.9.2\springfox-swagger-common-2.9.2.jar;C:\Users\PikadadLu\.m2\repository\io\springfox\springfox-spring-web\2.9.2\springfox-spring-web-2.9.2.jar;C:\Users\PikadadLu\.m2\repository\com\google\guava\guava\20.0\guava-20.0.jar;C:\Users\PikadadLu\.m2\repository\com\fasterxml\classmate\1.4.0\classmate-1.4.0.jar;C:\Users\PikadadLu\.m2\repository\org\slf4j\slf4j-api\1.7.30\slf4j-api-1.7.30.jar;C:\Users\PikadadLu\.m2\repository\org\springframework\plugin\spring-plugin-core\1.2.0.RELEASE\spring-plugin-core-1.2.0.RELEASE.jar;C:\Users\PikadadLu\.m2\repository\org\springframework\plugin\spring-plugin-metadata\1.2.0.RELEASE\spring-plugin-metadata-1.2.0.RELEASE.jar;C:\Users\PikadadLu\.m2\repository\org\mapstruct\mapstruct\1.2.0.Final\mapstruct-1.2.0.Final.jar;C:\Users\PikadadLu\.m2\repository\io\springfox\springfox-swagger-ui\2.9.2\springfox-swagger-ui-2.9.2.jar;"/>
    <property name="java.vm.vendor" value="Oracle Corporation"/>
    <property name="sun.arch.data.model" value="64"/>
    <property name="user.variant" value=""/>
    <property name="java.vendor.url" value="http://java.oracle.com/"/>
    <property name="user.timezone" value="America/Los_Angeles"/>
    <property name="java.vm.specification.version" value="1.8"/>
    <property name="os.name" value="Windows 10"/>
    <property name="user.country" value="US"/>
    <property name="sun.java.launcher" value="SUN_STANDARD"/>
    <property name="sun.boot.library.path" value="C:\Program Files\Java\jdk1.8.0_201\jre\bin"/>
    <property name="sun.java.command" value="C:\Users\PIKADA~1\AppData\Local\Temp\surefire4249036506006251530\surefirebooter4707557286387112400.jar C:\Users\PikadadLu\AppData\Local\Temp\surefire4249036506006251530 2020-07-03T18-17-03_394-jvmRun1 surefire4327680008374542578tmp surefire_08399589306171421384tmp"/>
    <property name="surefire.test.class.path" value="C:\pikadadlu\workspace\azure_rueytpe\movie-service\target\test-classes;C:\pikadadlu\workspace\azure_rueytpe\movie-service\target\classes;C:\Users\PikadadLu\.m2\repository\org\springframework\boot\spring-boot-starter\2.1.15.RELEASE\spring-boot-starter-2.1.15.RELEASE.jar;C:\Users\PikadadLu\.m2\repository\org\springframework\boot\spring-boot\2.1.15.RELEASE\spring-boot-2.1.15.RELEASE.jar;C:\Users\PikadadLu\.m2\repository\org\springframework\spring-context\5.1.16.RELEASE\spring-context-5.1.16.RELEASE.jar;C:\Users\PikadadLu\.m2\repository\org\springframework\boot\spring-boot-autoconfigure\2.1.15.RELEASE\spring-boot-autoconfigure-2.1.15.RELEASE.jar;C:\Users\PikadadLu\.m2\repository\org\springframework\boot\spring-boot-starter-logging\2.1.15.RELEASE\spring-boot-starter-logging-2.1.15.RELEASE.jar;C:\Users\PikadadLu\.m2\repository\ch\qos\logback\logback-classic\1.2.3\logback-classic-1.2.3.jar;C:\Users\PikadadLu\.m2\repository\ch\qos\logback\logback-core\1.2.3\logback-core-1.2.3.jar;C:\Users\PikadadLu\.m2\repository\org\apache\logging\log4j\log4j-to-slf4j\2.11.2\log4j-to-slf4j-2.11.2.jar;C:\Users\PikadadLu\.m2\repository\org\apache\logging\log4j\log4j-api\2.11.2\log4j-api-2.11.2.jar;C:\Users\PikadadLu\.m2\repository\org\slf4j\jul-to-slf4j\1.7.30\jul-to-slf4j-1.7.30.jar;C:\Users\PikadadLu\.m2\repository\javax\annotation\javax.annotation-api\1.3.2\javax.annotation-api-1.3.2.jar;C:\Users\PikadadLu\.m2\repository\org\springframework\spring-core\5.1.16.RELEASE\spring-core-5.1.16.RELEASE.jar;C:\Users\PikadadLu\.m2\repository\org\springframework\spring-jcl\5.1.16.RELEASE\spring-jcl-5.1.16.RELEASE.jar;C:\Users\PikadadLu\.m2\repository\org\yaml\snakeyaml\1.23\snakeyaml-1.23.jar;C:\Users\PikadadLu\.m2\repository\org\springframework\boot\spring-boot-starter-test\2.1.15.RELEASE\spring-boot-starter-test-2.1.15.RELEASE.jar;C:\Users\PikadadLu\.m2\repository\org\springframework\boot\spring-boot-test\2.1.15.RELEASE\spring-boot-test-2.1.15.RELEASE.jar;C:\Users\PikadadLu\.m2\repository\org\springframework\boot\spring-boot-test-autoconfigure\2.1.15.RELEASE\spring-boot-test-autoconfigure-2.1.15.RELEASE.jar;C:\Users\PikadadLu\.m2\repository\com\jayway\jsonpath\json-path\2.4.0\json-path-2.4.0.jar;C:\Users\PikadadLu\.m2\repository\net\minidev\json-smart\2.3\json-smart-2.3.jar;C:\Users\PikadadLu\.m2\repository\net\minidev\accessors-smart\1.2\accessors-smart-1.2.jar;C:\Users\PikadadLu\.m2\repository\org\ow2\asm\asm\5.0.4\asm-5.0.4.jar;C:\Users\PikadadLu\.m2\repository\junit\junit\4.12\junit-4.12.jar;C:\Users\PikadadLu\.m2\repository\org\assertj\assertj-core\3.11.1\assertj-core-3.11.1.jar;C:\Users\PikadadLu\.m2\repository\org\mockito\mockito-core\2.23.4\mockito-core-2.23.4.jar;C:\Users\PikadadLu\.m2\repository\net\bytebuddy\byte-buddy\1.9.16\byte-buddy-1.9.16.jar;C:\Users\PikadadLu\.m2\repository\net\bytebuddy\byte-buddy-agent\1.9.16\byte-buddy-agent-1.9.16.jar;C:\Users\PikadadLu\.m2\repository\org\objenesis\objenesis\2.6\objenesis-2.6.jar;C:\Users\PikadadLu\.m2\repository\org\hamcrest\hamcrest-core\1.3\hamcrest-core-1.3.jar;C:\Users\PikadadLu\.m2\repository\org\hamcrest\hamcrest-library\1.3\hamcrest-library-1.3.jar;C:\Users\PikadadLu\.m2\repository\org\skyscreamer\jsonassert\1.5.0\jsonassert-1.5.0.jar;C:\Users\PikadadLu\.m2\repository\com\vaadin\external\google\android-json\0.0.20131108.vaadin1\android-json-0.0.20131108.vaadin1.jar;C:\Users\PikadadLu\.m2\repository\org\springframework\spring-test\5.1.16.RELEASE\spring-test-5.1.16.RELEASE.jar;C:\Users\PikadadLu\.m2\repository\org\xmlunit\xmlunit-core\2.6.4\xmlunit-core-2.6.4.jar;C:\Users\PikadadLu\.m2\repository\org\springframework\boot\spring-boot-starter-web\2.1.15.RELEASE\spring-boot-starter-web-2.1.15.RELEASE.jar;C:\Users\PikadadLu\.m2\repository\org\springframework\boot\spring-boot-starter-json\2.1.15.RELEASE\spring-boot-starter-json-2.1.15.RELEASE.jar;C:\Users\PikadadLu\.m2\repository\com\fasterxml\jackson\core\jackson-databind\2.9.10.4\jackson-databind-2.9.10.4.jar;C:\Users\PikadadLu\.m2\repository\com\fasterxml\jackson\core\jackson-core\2.9.10\jackson-core-2.9.10.jar;C:\Users\PikadadLu\.m2\repository\com\fasterxml\jackson\datatype\jackson-datatype-jdk8\2.9.10\jackson-datatype-jdk8-2.9.10.jar;C:\Users\PikadadLu\.m2\repository\com\fasterxml\jackson\datatype\jackson-datatype-jsr310\2.9.10\jackson-datatype-jsr310-2.9.10.jar;C:\Users\PikadadLu\.m2\repository\com\fasterxml\jackson\module\jackson-module-parameter-names\2.9.10\jackson-module-parameter-names-2.9.10.jar;C:\Users\PikadadLu\.m2\repository\org\springframework\boot\spring-boot-starter-tomcat\2.1.15.RELEASE\spring-boot-starter-tomcat-2.1.15.RELEASE.jar;C:\Users\PikadadLu\.m2\repository\org\apache\tomcat\embed\tomcat-embed-core\9.0.36\tomcat-embed-core-9.0.36.jar;C:\Users\PikadadLu\.m2\repository\org\apache\tomcat\embed\tomcat-embed-el\9.0.36\tomcat-embed-el-9.0.36.jar;C:\Users\PikadadLu\.m2\repository\org\apache\tomcat\embed\tomcat-embed-websocket\9.0.36\tomcat-embed-websocket-9.0.36.jar;C:\Users\PikadadLu\.m2\repository\org\hibernate\validator\hibernate-validator\6.0.20.Final\hibernate-validator-6.0.20.Final.jar;C:\Users\PikadadLu\.m2\repository\javax\validation\validation-api\2.0.1.Final\validation-api-2.0.1.Final.jar;C:\Users\PikadadLu\.m2\repository\org\jboss\logging\jboss-logging\3.3.3.Final\jboss-logging-3.3.3.Final.jar;C:\Users\PikadadLu\.m2\repository\org\springframework\spring-web\5.1.16.RELEASE\spring-web-5.1.16.RELEASE.jar;C:\Users\PikadadLu\.m2\repository\org\springframework\spring-beans\5.1.16.RELEASE\spring-beans-5.1.16.RELEASE.jar;C:\Users\PikadadLu\.m2\repository\org\springframework\spring-webmvc\5.1.16.RELEASE\spring-webmvc-5.1.16.RELEASE.jar;C:\Users\PikadadLu\.m2\repository\org\springframework\spring-aop\5.1.16.RELEASE\spring-aop-5.1.16.RELEASE.jar;C:\Users\PikadadLu\.m2\repository\org\springframework\spring-expression\5.1.16.RELEASE\spring-expression-5.1.16.RELEASE.jar;C:\Users\PikadadLu\.m2\repository\io\springfox\springfox-swagger2\2.9.2\springfox-swagger2-2.9.2.jar;C:\Users\PikadadLu\.m2\repository\io\swagger\swagger-annotations\1.5.20\swagger-annotations-1.5.20.jar;C:\Users\PikadadLu\.m2\repository\io\swagger\swagger-models\1.5.20\swagger-models-1.5.20.jar;C:\Users\PikadadLu\.m2\repository\com\fasterxml\jackson\core\jackson-annotations\2.9.10\jackson-annotations-2.9.10.jar;C:\Users\PikadadLu\.m2\repository\io\springfox\springfox-spi\2.9.2\springfox-spi-2.9.2.jar;C:\Users\PikadadLu\.m2\repository\io\springfox\springfox-core\2.9.2\springfox-core-2.9.2.jar;C:\Users\PikadadLu\.m2\repository\io\springfox\springfox-schema\2.9.2\springfox-schema-2.9.2.jar;C:\Users\PikadadLu\.m2\repository\io\springfox\springfox-swagger-common\2.9.2\springfox-swagger-common-2.9.2.jar;C:\Users\PikadadLu\.m2\repository\io\springfox\springfox-spring-web\2.9.2\springfox-spring-web-2.9.2.jar;C:\Users\PikadadLu\.m2\repository\com\google\guava\guava\20.0\guava-20.0.jar;C:\Users\PikadadLu\.m2\repository\com\fasterxml\classmate\1.4.0\classmate-1.4.0.jar;C:\Users\PikadadLu\.m2\repository\org\slf4j\slf4j-api\1.7.30\slf4j-api-1.7.30.jar;C:\Users\PikadadLu\.m2\repository\org\springframework\plugin\spring-plugin-core\1.2.0.RELEASE\spring-plugin-core-1.2.0.RELEASE.jar;C:\Users\PikadadLu\.m2\repository\org\springframework\plugin\spring-plugin-metadata\1.2.0.RELEASE\spring-plugin-metadata-1.2.0.RELEASE.jar;C:\Users\PikadadLu\.m2\repository\org\mapstruct\mapstruct\1.2.0.Final\mapstruct-1.2.0.Final.jar;C:\Users\PikadadLu\.m2\repository\io\springfox\springfox-swagger-ui\2.9.2\springfox-swagger-ui-2.9.2.jar;"/>
    <property name="sun.cpu.endian" value="little"/>
    <property name="user.home" value="C:\Users\PikadadLu"/>
    <property name="user.language" value="en"/>
    <property name="java.specification.vendor" value="Oracle Corporation"/>
    <property name="java.home" value="C:\Program Files\Java\jdk1.8.0_201\jre"/>
    <property name="basedir" value="C:\pikadadlu\workspace\azure_rueytpe\movie-service"/>
    <property name="file.separator" value="\"/>
    <property name="line.separator" value="&#10;"/>
    <property name="java.vm.specification.vendor" value="Oracle Corporation"/>
    <property name="java.specification.name" value="Java Platform API Specification"/>
    <property name="java.awt.graphicsenv" value="sun.awt.Win32GraphicsEnvironment"/>
    <property name="surefire.real.class.path" value="C:\Users\PIKADA~1\AppData\Local\Temp\surefire4249036506006251530\surefirebooter4707557286387112400.jar"/>
    <property name="sun.boot.class.path" value="C:\Program Files\Java\jdk1.8.0_201\jre\lib\resources.jar;C:\Program Files\Java\jdk1.8.0_201\jre\lib\rt.jar;C:\Program Files\Java\jdk1.8.0_201\jre\lib\sunrsasign.jar;C:\Program Files\Java\jdk1.8.0_201\jre\lib\jsse.jar;C:\Program Files\Java\jdk1.8.0_201\jre\lib\jce.jar;C:\Program Files\Java\jdk1.8.0_201\jre\lib\charsets.jar;C:\Program Files\Java\jdk1.8.0_201\jre\lib\jfr.jar;C:\Program Files\Java\jdk1.8.0_201\jre\classes"/>
    <property name="user.script" value=""/>
    <property name="sun.management.compiler" value="HotSpot 64-Bit Tiered Compilers"/>
    <property name="java.runtime.version" value="1.8.0_201-b09"/>
    <property name="user.name" value="PikadadLu"/>
    <property name="path.separator" value=";"/>
    <property name="os.version" value="10.0"/>
    <property name="java.endorsed.dirs" value="C:\Program Files\Java\jdk1.8.0_201\jre\lib\endorsed"/>
    <property name="java.runtime.name" value="Java(TM) SE Runtime Environment"/>
    <property name="file.encoding" value="Cp1252"/>
    <property name="java.vm.name" value="Java HotSpot(TM) 64-Bit Server VM"/>
    <property name="localRepository" value="C:\Users\PikadadLu\.m2\repository"/>
    <property name="java.vendor.url.bug" value="http://bugreport.sun.com/bugreport/"/>
    <property name="java.io.tmpdir" value="C:\Users\PIKADA~1\AppData\Local\Temp\"/>
    <property name="java.version" value="1.8.0_201"/>
    <property name="user.dir" value="C:\pikadadlu\workspace\azure_rueytpe\movie-service"/>
    <property name="os.arch" value="amd64"/>
    <property name="java.vm.specification.name" value="Java Virtual Machine Specification"/>
    <property name="java.awt.printerjob" value="sun.awt.windows.WPrinterJob"/>
    <property name="sun.os.patch.level" value=""/>
    <property name="java.library.path" value="C:\Program Files\Java\jdk1.8.0_201\jre\bin;C:\WINDOWS\Sun\Java\bin;C:\WINDOWS\system32;C:\WINDOWS;C:\Users\PikadadLu\bin;C:\Program Files\Git\mingw64\bin;C:\Program Files\Git\usr\local\bin;C:\Program Files\Git\usr\bin;C:\Program Files\Git\usr\bin;C:\Program Files\Git\mingw64\bin;C:\Program Files\Git\usr\bin;C:\Users\PikadadLu\bin;C:\Program Files\Java\jdk1.8.0_201\jre\bin\server;C:\Program Files\Java\jdk1.8.0_201\jre\bin;C:\Program Files\Java\jdk1.8.0_201\jre\lib\amd64;C:\Program Files (x86)\Microsoft SDKs\Azure\CLI2\wbin;C:\Program Files (x86)\Common Files\Oracle\Java\javapath;C:\WINDOWS\system32;C:\WINDOWS;C:\WINDOWS\System32\Wbem;C:\WINDOWS\System32\WindowsPowerShell\v1.0;C:\WINDOWS\System32\OpenSSH;C:\Program Files\nodejs;C:\Program Files\Microsoft VS Code\bin;C:\ProgramData\chocolatey\bin;C:\Program Files\Git\cmd;C:\Program Files (x86)\Yarn\bin;C:\Program Files (x86)\DevDesktop\drush_9;C:\Program Files (x86)\Google\Cloud SDK\google-cloud-sdk\bin;C:\Program Files\Docker\Docker\resources\bin;C:\ProgramData\DockerDesktop\version-bin;C:\Program Files\Java\jdk1.8.0_201\bin;C:\app\apache-maven-3.6.3\bin;C:\Users\PikadadLu\AppData\Local\Programs\Python\Python37-32\Scripts;C:\Users\PikadadLu\AppData\Local\Programs\Python\Python37-32;C:\Users\PikadadLu\AppData\Local\Microsoft\WindowsApps;C:\Users\PikadadLu\AppData\Roaming\npm;C:\Users\PikadadLu\AppData\Local\Yarn\bin;C:\chiaruey\app\sts-4.4.1.RELEASE;C:\Program Files\Git\usr\bin\vendor_perl;C:\Program Files\Git\usr\bin\core_perl;."/>
    <property name="java.vm.info" value="mixed mode"/>
    <property name="java.vendor" value="Oracle Corporation"/>
    <property name="java.vm.version" value="25.201-b09"/>
    <property name="java.ext.dirs" value="C:\Program Files\Java\jdk1.8.0_201\jre\lib\ext;C:\WINDOWS\Sun\Java\lib\ext"/>
    <property name="sun.io.unicode.encoding" value="UnicodeLittle"/>
    <property name="java.class.version" value="52.0"/>
  </properties>
  <testcase name="initializationError" classname="com.ruey.MovieServiceApplicationTests" time="0.013">
    <error message="Unable to find a @SpringBootConfiguration, you need to use @ContextConfiguration or @SpringBootTest(classes=...) with your test" type="java.lang.IllegalStateException">java.lang.IllegalStateException: Unable to find a @SpringBootConfiguration, you need to use @ContextConfiguration or @SpringBootTest(classes=...) with your test
</error>
    <system-out><![CDATA[18:17:04.962 [main] DEBUG org.springframework.test.context.junit4.SpringJUnit4ClassRunner - SpringJUnit4ClassRunner constructor called with [class com.ruey.MovieServiceApplicationTests]
18:17:04.973 [main] DEBUG org.springframework.test.context.BootstrapUtils - Instantiating CacheAwareContextLoaderDelegate from class [org.springframework.test.context.cache.DefaultCacheAwareContextLoaderDelegate]
18:17:04.990 [main] DEBUG org.springframework.test.context.BootstrapUtils - Instantiating BootstrapContext using constructor [public org.springframework.test.context.support.DefaultBootstrapContext(java.lang.Class,org.springframework.test.context.CacheAwareContextLoaderDelegate)]
18:17:05.030 [main] DEBUG org.springframework.test.context.BootstrapUtils - Instantiating TestContextBootstrapper for test class [com.ruey.MovieServiceApplicationTests] from class [org.springframework.boot.test.context.SpringBootTestContextBootstrapper]
18:17:05.063 [main] INFO org.springframework.boot.test.context.SpringBootTestContextBootstrapper - Neither @ContextConfiguration nor @ContextHierarchy found for test class [com.ruey.MovieServiceApplicationTests], using SpringBootContextLoader
18:17:05.070 [main] DEBUG org.springframework.test.context.support.AbstractContextLoader - Did not detect default resource location for test class [com.ruey.MovieServiceApplicationTests]: class path resource [com/ruey/MovieServiceApplicationTests-context.xml] does not exist
18:17:05.070 [main] DEBUG org.springframework.test.context.support.AbstractContextLoader - Did not detect default resource location for test class [com.ruey.MovieServiceApplicationTests]: class path resource [com/ruey/MovieServiceApplicationTestsContext.groovy] does not exist
18:17:05.071 [main] INFO org.springframework.test.context.support.AbstractContextLoader - Could not detect default resource locations for test class [com.ruey.MovieServiceApplicationTests]: no resource found for suffixes {-context.xml, Context.groovy}.
18:17:05.072 [main] INFO org.springframework.test.context.support.AnnotationConfigContextLoaderUtils - Could not detect default configuration classes for test class [com.ruey.MovieServiceApplicationTests]: MovieServiceApplicationTests does not declare any static, non-private, non-final, nested classes annotated with @Configuration.
18:17:05.162 [main] DEBUG org.springframework.test.context.support.ActiveProfilesUtils - Could not find an 'annotation declaring class' for annotation type [org.springframework.test.context.ActiveProfiles] and class [com.ruey.MovieServiceApplicationTests]
]]></system-out>
  </testcase>
</testsuite>